<?xml version="1.0" encoding="UTF-8"?>
<!-- Generated by org.testng.reporters.JUnitXMLReporter -->
<testsuite ignored="1" hostname="LAPTOP-NDDB1313" failures="1" tests="18" name="Sample" time="8.876" errors="0" timestamp="2025-07-31T20:27:36 IST">
  <testcase classname="testng.GroupingTest" name="sanityTest1" time="0.012"/>
  <testcase classname="testng.GroupingTest" name="sanityTest2" time="0.002"/>
  <testcase classname="testng.GroupingTest" name="sanityTest3" time="0.005"/>
  <testcase classname="testng.GroupingTest" name="smokeTest1" time="0.001"/>
  <testcase classname="testng.GroupingTest" name="smokeTest2" time="0.002"/>
  <testcase classname="testng.GroupingTest" name="smokeTest3" time="0.003"/>
  <testcase classname="testng.ParameterTest" name="login" time="0.0">
    <failure type="org.testng.TestNGException" message="
Parameter &amp;apos;username&amp;apos; is required by @Test on method login but has not been marked @Optional or defined
in C:\Users\swapn\Desktop\GuruClassPrograms\LTJune\Selenium\PackageTestng.xml">
      <![CDATA[org.testng.TestNGException: 
Parameter 'username' is required by @Test on method login but has not been marked @Optional or defined
in C:\Users\swapn\Desktop\GuruClassPrograms\LTJune\Selenium\PackageTestng.xml
at java.base/java.util.ArrayList.forEach(ArrayList.java:1596)
... Removed 26 stack frames]]>
    </failure>
  </testcase> <!-- login -->
  <testcase classname="testng.PriorityTest" name="two" time="0.002"/>
  <testcase classname="testng.PriorityTest" name="two" time="0.004"/>
  <testcase classname="testng.PriorityTest" name="two" time="0.001"/>
  <testcase classname="testng.PriorityTest" name="two" time="0.002"/>
  <testcase classname="testng.PriorityTest" name="two" time="0.003"/>
  <testcase classname="testng.PriorityTest" name="three" time="0.003"/>
  <testcase classname="testng.PriorityTest" name="four" time="0.003"/>
  <testcase classname="testng.SampleAnnotations" name="test1" time="0.002"/>
  <testcase classname="testng.SampleAnnotations" name="test2" time="0.002"/>
  <testcase classname="testng.WebDriverTest" name="login" time="0.611"/>
  <testcase classname="testng.WebDriverTest" name="logout" time="1.073"/>
  <testcase classname="testng.PriorityTest" name="one" time="0.0">
    <ignored/>
  </testcase> <!-- one -->
</testsuite> <!-- Sample -->
