<html>
<head>
<title>TestNG:  Sample</title>
<link href="../testng.css" rel="stylesheet" type="text/css" />
<link href="../my-testng.css" rel="stylesheet" type="text/css" />

<style type="text/css">
.log { display: none;} 
.stack-trace { display: none;} 
</style>
<script type="text/javascript">
<!--
function flip(e) {
  current = e.style.display;
  if (current == 'block') {
    e.style.display = 'none';
    return 0;
  }
  else {
    e.style.display = 'block';
    return 1;
  }
}

function toggleBox(szDivId, elem, msg1, msg2)
{
  var res = -1;  if (document.getElementById) {
    res = flip(document.getElementById(szDivId));
  }
  else if (document.all) {
    // this is the way old msie versions work
    res = flip(document.all[szDivId]);
  }
  if(elem) {
    if(res == 0) elem.innerHTML = msg1; else elem.innerHTML = msg2;
  }

}

function toggleAllBoxes() {
  if (document.getElementsByTagName) {
    d = document.getElementsByTagName('div');
    for (i = 0; i < d.length; i++) {
      if (d[i].className == 'log') {
        flip(d[i]);
      }
    }
  }
}

// -->
</script>

</head>
<body>
<h2 align='center'>Sample</h2><table border='1' align="center">
<tr>
<td>Tests passed/Failed/Skipped:</td><td>17/1/0</td>
</tr><tr>
<td>Started on:</td><td>Thu Jul 31 20:27:27 IST 2025</td>
</tr>
<tr><td>Total time:</td><td>8 seconds (8876 ms)</td>
</tr><tr>
<td>Included groups:</td><td></td>
</tr><tr>
<td>Excluded groups:</td><td></td>
</tr>
</table><p/>
<small><i>(Hover the method name to see the test class name)</i></small><p/>
<table width='100%' border='1' class='invocation-failed'>
<tr><td colspan='4' align='center'><b>FAILED TESTS</b></td></tr>
<tr><td><b>Test method</b></td>
<td><b>Attribute(s)</b></td>
<td width="30%"><b>Exception</b></td>
<td width="10%"><b>Time (seconds)</b></td>
<td><b>Instance</b></td>
</tr>
<tr>
<td title='testng.ParameterTest.login()'><b>login</b><br>Test class: testng.ParameterTest</td>
<td><div><pre>org.testng.TestNGException: 
Parameter &apos;username&apos; is required by @Test on method login but has not been marked @Optional or defined
in C:\Users\swapn\Desktop\GuruClassPrograms\LTJune\Selenium\PackageTestng.xml
	at java.base/java.util.ArrayList.forEach(ArrayList.java:1596)
... Removed 26 stack frames</pre></div><a href='#' onClick='toggleBox("stack-trace1490509465", this, "Click to show all stack frames", "Click to hide stack frames")'>Click to show all stack frames</a>
<div class='stack-trace' id='stack-trace1490509465'><pre>org.testng.TestNGException: 
Parameter &apos;username&apos; is required by @Test on method login but has not been marked @Optional or defined
in C:\Users\swapn\Desktop\GuruClassPrograms\LTJune\Selenium\PackageTestng.xml
	at org.testng.internal.Parameters.createParams(Parameters.java:264)
	at org.testng.internal.Parameters.createParametersForMethod(Parameters.java:352)
	at org.testng.internal.Parameters.createParameters(Parameters.java:690)
	at org.testng.internal.Parameters.handleParameters(Parameters.java:885)
	at org.testng.internal.Parameters.handleParameters(Parameters.java:734)
	at org.testng.internal.invokers.ParameterHandler.handleParameters(ParameterHandler.java:72)
	at org.testng.internal.invokers.ParameterHandler.createParameters(ParameterHandler.java:51)
	at org.testng.internal.invokers.TestInvoker$MethodInvocationAgent.invoke(TestInvoker.java:946)
	at org.testng.internal.invokers.TestInvoker.invokeTestMethods(TestInvoker.java:203)
	at org.testng.internal.invokers.TestMethodWorker.invokeTestMethods(TestMethodWorker.java:154)
	at org.testng.internal.invokers.TestMethodWorker.run(TestMethodWorker.java:134)
	at java.base/java.util.ArrayList.forEach(ArrayList.java:1596)
	at org.testng.TestRunner.privateRun(TestRunner.java:739)
	at org.testng.TestRunner.run(TestRunner.java:614)
	at org.testng.SuiteRunner.runTest(SuiteRunner.java:421)
	at org.testng.SuiteRunner.runSequentially(SuiteRunner.java:413)
	at org.testng.SuiteRunner.privateRun(SuiteRunner.java:373)
	at org.testng.SuiteRunner.run(SuiteRunner.java:312)
	at org.testng.SuiteRunnerWorker.runSuite(SuiteRunnerWorker.java:52)
	at org.testng.SuiteRunnerWorker.run(SuiteRunnerWorker.java:95)
	at org.testng.TestNG.runSuitesSequentially(TestNG.java:1274)
	at org.testng.TestNG.runSuitesLocally(TestNG.java:1208)
	at org.testng.TestNG.runSuites(TestNG.java:1112)
	at org.testng.TestNG.run(TestNG.java:1079)
	at org.testng.remote.AbstractRemoteTestNG.run(AbstractRemoteTestNG.java:115)
	at org.testng.remote.RemoteTestNG.initAndRun(RemoteTestNG.java:293)
	at org.testng.remote.RemoteTestNG.main(RemoteTestNG.java:91)
</pre></div></td>
<td>0</td>
<td>testng.ParameterTest@1fa121e2</td></tr>
</table><p>
<table width='100%' border='1' class='invocation-passed'>
<tr><td colspan='4' align='center'><b>PASSED TESTS</b></td></tr>
<tr><td><b>Test method</b></td>
<td><b>Attribute(s)</b></td>
<td width="30%"><b>Exception</b></td>
<td width="10%"><b>Time (seconds)</b></td>
<td><b>Instance</b></td>
</tr>
<tr>
<td title='testng.WebDriverTest.login()'><b>login</b><br>Test class: testng.WebDriverTest<br/>
<a href="#Output-1574615832" onClick='toggleBox("Output-1574615832", this, "Show output", "Hide output");'>Show output</a>

<a href="#Output-1574615832" onClick="toggleAllBoxes();">Show all outputs</a>
<div class='log' id="Output-1574615832">
UserName Entered<br/>
Password Entered<br/>
Login button clicked...<br/>
</div>
</td>
<td></td>
<td>0</td>
<td>testng.WebDriverTest@69453e37</td></tr>
<tr>
<td title='testng.GroupingTest.smokeTest3()'><b>smokeTest3</b><br>Test class: testng.GroupingTest</td>
<td></td>
<td>0</td>
<td>testng.GroupingTest@5bda8e08</td></tr>
<tr>
<td title='testng.GroupingTest.smokeTest1()'><b>smokeTest1</b><br>Test class: testng.GroupingTest</td>
<td></td>
<td>0</td>
<td>testng.GroupingTest@5bda8e08</td></tr>
<tr>
<td title='testng.GroupingTest.sanityTest1()'><b>sanityTest1</b><br>Test class: testng.GroupingTest</td>
<td></td>
<td>0</td>
<td>testng.GroupingTest@5bda8e08</td></tr>
<tr>
<td title='testng.WebDriverTest.logout()'><b>logout</b><br>Test class: testng.WebDriverTest<br/>
<a href="#Output-1155757579" onClick='toggleBox("Output-1155757579", this, "Show output", "Hide output");'>Show output</a>

<a href="#Output-1155757579" onClick="toggleAllBoxes();">Show all outputs</a>
<div class='log' id="Output-1155757579">
Logout link Clicked...<br/>
</div>
</td>
<td></td>
<td>1</td>
<td>testng.WebDriverTest@69453e37</td></tr>
<tr>
<td title='testng.PriorityTest.two()'><b>two</b><br>Test class: testng.PriorityTest</td>
<td></td>
<td>0</td>
<td>testng.PriorityTest@7eac9008</td></tr>
<tr>
<td title='testng.PriorityTest.two()'><b>two</b><br>Test class: testng.PriorityTest</td>
<td></td>
<td>0</td>
<td>testng.PriorityTest@7eac9008</td></tr>
<tr>
<td title='testng.PriorityTest.two()'><b>two</b><br>Test class: testng.PriorityTest</td>
<td></td>
<td>0</td>
<td>testng.PriorityTest@7eac9008</td></tr>
<tr>
<td title='testng.SampleAnnotations.test2()'><b>test2</b><br>Test class: testng.SampleAnnotations<br/>
<a href="#Output-1473205473" onClick='toggleBox("Output-1473205473", this, "Show output", "Hide output");'>Show output</a>

<a href="#Output-1473205473" onClick="toggleAllBoxes();">Show all outputs</a>
<div class='log' id="Output-1473205473">
This is the Test2 Method...<br/>
</div>
</td>
<td></td>
<td>0</td>
<td>testng.SampleAnnotations@2002fc1d</td></tr>
<tr>
<td title='testng.PriorityTest.two()'><b>two</b><br>Test class: testng.PriorityTest</td>
<td></td>
<td>0</td>
<td>testng.PriorityTest@7eac9008</td></tr>
<tr>
<td title='testng.GroupingTest.sanityTest2()'><b>sanityTest2</b><br>Test class: testng.GroupingTest</td>
<td></td>
<td>0</td>
<td>testng.GroupingTest@5bda8e08</td></tr>
<tr>
<td title='testng.GroupingTest.smokeTest2()'><b>smokeTest2</b><br>Test class: testng.GroupingTest</td>
<td></td>
<td>0</td>
<td>testng.GroupingTest@5bda8e08</td></tr>
<tr>
<td title='testng.PriorityTest.four()'><b>four</b><br>Test class: testng.PriorityTest</td>
<td></td>
<td>0</td>
<td>testng.PriorityTest@7eac9008</td></tr>
<tr>
<td title='testng.GroupingTest.sanityTest3()'><b>sanityTest3</b><br>Test class: testng.GroupingTest</td>
<td></td>
<td>0</td>
<td>testng.GroupingTest@5bda8e08</td></tr>
<tr>
<td title='testng.PriorityTest.three()'><b>three</b><br>Test class: testng.PriorityTest</td>
<td></td>
<td>0</td>
<td>testng.PriorityTest@7eac9008</td></tr>
<tr>
<td title='testng.SampleAnnotations.test1()'><b>test1</b><br>Test class: testng.SampleAnnotations<br/>
<a href="#Output-1497018177" onClick='toggleBox("Output-1497018177", this, "Show output", "Hide output");'>Show output</a>

<a href="#Output-1497018177" onClick="toggleAllBoxes();">Show all outputs</a>
<div class='log' id="Output-1497018177">
This is the Test1 Method...<br/>
</div>
</td>
<td></td>
<td>0</td>
<td>testng.SampleAnnotations@2002fc1d</td></tr>
<tr>
<td title='testng.PriorityTest.two()'><b>two</b><br>Test class: testng.PriorityTest</td>
<td></td>
<td>0</td>
<td>testng.PriorityTest@7eac9008</td></tr>
</table><p>
</body>
</html>